<?xml version="1.0" encoding="UTF-8"?>
<<<<<<< HEAD
<testsuite name="TicTacToeTest" tests="13" skipped="0" failures="0" errors="0" timestamp="2014-10-31T14:39:28" hostname="idea-PC" time="0.013">
  <properties/>
  <testcase name="testSwitchPlayer" classname="TicTacToeTest" time="0.0"/>
  <testcase name="testDisplayBoard" classname="TicTacToeTest" time="0.009"/>
=======
<testsuite name="TicTacToeTest" tests="13" skipped="0" failures="0" errors="0" timestamp="2014-10-31T14:36:02" hostname="i-d979896b" time="0.066">
  <properties/>
  <testcase name="testSwitchPlayer" classname="TicTacToeTest" time="0.002"/>
  <testcase name="testDisplayBoard" classname="TicTacToeTest" time="0.033"/>
>>>>>>> origin/master
  <testcase name="testCheckIfBoardNotFull" classname="TicTacToeTest" time="0.0"/>
  <testcase name="testCheckIfWinGameFinished" classname="TicTacToeTest" time="0.001"/>
  <testcase name="testSetStartPlayer" classname="TicTacToeTest" time="0.0"/>
<<<<<<< HEAD
  <testcase name="testCheckNoWin" classname="TicTacToeTest" time="0.0"/>
  <testcase name="testRegisterMove" classname="TicTacToeTest" time="0.0"/>
=======
  <testcase name="testCheckNoWin" classname="TicTacToeTest" time="0.001"/>
  <testcase name="testRegisterMove" classname="TicTacToeTest" time="0.003"/>
>>>>>>> origin/master
  <testcase name="testCheckIfGameFinishedBoardFull" classname="TicTacToeTest" time="0.0"/>
  <testcase name="testCheckIfWinAcross" classname="TicTacToeTest" time="0.0"/>
  <testcase name="testTicTacToeConstructor" classname="TicTacToeTest" time="0.001"/>
  <testcase name="testCheckIfWinCol" classname="TicTacToeTest" time="0.005"/>
  <testcase name="testCheckIfWinRow" classname="TicTacToeTest" time="0.0"/>
  <testcase name="testNewBoard" classname="TicTacToeTest" time="0.0"/>
  <system-out><![CDATA[-------------
| - | - | - | 
-------------
| - | - | - | 
-------------
| - | - | - | 
-------------

-------------
| x | - | - | 
-------------
| - | - | - | 
-------------
| - | - | - | 
-------------

]]></system-out>
  <system-err><![CDATA[]]></system-err>
</testsuite>
