<?xml version="1.0" encoding="UTF-8"?>
<testsuite name="TicTacToeTest" tests="1" skipped="0" failures="0" errors="0" timestamp="2014-10-30T21:57:16" hostname="AnnaKatrin" time="0.001">
  <properties/>
  <testcase name="testTicTacToeConstructor" classname="TicTacToeTest" time="0.001"/>
  <system-out><![CDATA[]]></system-out>
  <system-err><![CDATA[]]></system-err>
</testsuite>
