<?xml version="1.0" encoding="UTF-8"?>
<testsuite name="is.fantastic7.tictactoe.TicTacToeTest" tests="14" skipped="0" failures="0" errors="0" timestamp="2014-11-04T13:22:31" hostname="i-d979896b" time="0.21">
  <properties/>
  <testcase name="testSwitchPlayer" classname="is.fantastic7.tictactoe.TicTacToeTest" time="0.012"/>
  <testcase name="testDisplayBoard" classname="is.fantastic7.tictactoe.TicTacToeTest" time="0.15"/>
  <testcase name="testCheckIfBoardNotFull" classname="is.fantastic7.tictactoe.TicTacToeTest" time="0.0"/>
  <testcase name="testCheckIfWinGameFinished" classname="is.fantastic7.tictactoe.TicTacToeTest" time="0.0"/>
  <testcase name="testSetStartPlayer" classname="is.fantastic7.tictactoe.TicTacToeTest" time="0.011"/>
  <testcase name="testCheckNoWin" classname="is.fantastic7.tictactoe.TicTacToeTest" time="0.0"/>
  <testcase name="testCheckIfWinAcrossUpBottom" classname="is.fantastic7.tictactoe.TicTacToeTest" time="0.0"/>
  <testcase name="testRegisterMove" classname="is.fantastic7.tictactoe.TicTacToeTest" time="0.003"/>
  <testcase name="testCheckIfGameFinishedBoardFull" classname="is.fantastic7.tictactoe.TicTacToeTest" time="0.0"/>
  <testcase name="testTicTacToeConstructor" classname="is.fantastic7.tictactoe.TicTacToeTest" time="0.0"/>
  <testcase name="testCheckIfWinAcrossBottomUp" classname="is.fantastic7.tictactoe.TicTacToeTest" time="0.001"/>
  <testcase name="testCheckIfWinCol" classname="is.fantastic7.tictactoe.TicTacToeTest" time="0.007"/>
  <testcase name="testCheckIfWinRow" classname="is.fantastic7.tictactoe.TicTacToeTest" time="0.001"/>
  <testcase name="testNewBoard" classname="is.fantastic7.tictactoe.TicTacToeTest" time="0.001"/>
  <system-out><![CDATA[-------------
| - | - | - | 
-------------
| - | - | - | 
-------------
| - | - | - | 
-------------

-------------
| x | - | - | 
-------------
| - | - | - | 
-------------
| - | - | - | 
-------------

]]></system-out>
  <system-err><![CDATA[]]></system-err>
</testsuite>
