<?xml version="1.0" encoding="UTF-8"?>
<testsuite name="TicTacToeTest" tests="4" skipped="0" failures="0" errors="0" timestamp="2014-10-30T23:02:11" hostname="AnnaKatrin" time="0.014">
  <properties/>
  <testcase name="testDisplayBoard" classname="TicTacToeTest" time="0.013"/>
  <testcase name="testSetStartPlayer" classname="TicTacToeTest" time="0.0"/>
  <testcase name="testTicTacToeConstructor" classname="TicTacToeTest" time="0.0"/>
  <testcase name="testNewBoard" classname="TicTacToeTest" time="0.0"/>
  <system-out><![CDATA[-------------
| - | - | - | 
-------------
| - | - | - | 
-------------
| - | - | - | 
-------------

]]></system-out>
  <system-err><![CDATA[]]></system-err>
</testsuite>
