<?xml version="1.0" encoding="UTF-8"?>
<testsuite name="TicTacToeTest" tests="3" skipped="0" failures="0" errors="0" timestamp="2014-10-30T22:23:15" hostname="AnnaKatrin" time="0.002">
  <properties/>
  <testcase name="testSetStartPlayer" classname="TicTacToeTest" time="0.001"/>
  <testcase name="testTicTacToeConstructor" classname="TicTacToeTest" time="0.001"/>
  <testcase name="testNewBoard" classname="TicTacToeTest" time="0.0"/>
  <system-out><![CDATA[]]></system-out>
  <system-err><![CDATA[]]></system-err>
</testsuite>
