<?xml version="1.0" encoding="UTF-8"?>
<testsuite name="TicTacToeTest" tests="8" skipped="0" failures="0" errors="0" timestamp="2014-10-31T00:38:15" hostname="AnnaKatrin" time="0.019">
  <properties/>
  <testcase name="testSwitchPlayer" classname="TicTacToeTest" time="0.002"/>
  <testcase name="testDisplayBoard" classname="TicTacToeTest" time="0.014"/>
  <testcase name="testCheckIfBoardNotFull" classname="TicTacToeTest" time="0.0"/>
  <testcase name="testSetStartPlayer" classname="TicTacToeTest" time="0.0"/>
  <testcase name="testCheckIfWin" classname="TicTacToeTest" time="0.0"/>
  <testcase name="testRegisterMove" classname="TicTacToeTest" time="0.0"/>
  <testcase name="testTicTacToeConstructor" classname="TicTacToeTest" time="0.0"/>
  <testcase name="testNewBoard" classname="TicTacToeTest" time="0.001"/>
  <system-out><![CDATA[-------------
| - | - | - | 
-------------
| - | - | - | 
-------------
| - | - | - | 
-------------

-------------
| x | - | - | 
-------------
| - | - | - | 
-------------
| - | - | - | 
-------------

]]></system-out>
  <system-err><![CDATA[]]></system-err>
</testsuite>
