<?xml version="1.0" encoding="UTF-8"?>
<testsuite name="TicTacToeTest" tests="1" skipped="0" failures="0" errors="0" timestamp="2014-10-29T11:10:33" hostname="idea-PC" time="0.003">
  <properties/>
  <testcase name="TestInitialGameBoard" classname="TicTacToeTest" time="0.003"/>
  <system-out><![CDATA[]]></system-out>
  <system-err><![CDATA[]]></system-err>
</testsuite>
